This is pdfTeX, Version 3.141592653-2.6-1.40.22 (TeX Live 2022/dev/Debian) (preloaded format=pdflatex 2023.11.27)  4 DEC 2023 20:38
entering extended mode
 restricted \write18 enabled.
 file:line:error style messages enabled.
 %&-line parsing enabled.
**/home/patito/Documents/egdatos/pdf/mnrastemplate/mnras_template.tex
(/home/patito/Documents/egdatos/pdf/mnrastemplate/mnras_template.tex
LaTeX2e <2021-11-15> patch level 1
L3 programming layer <2022-01-21> (./mnras.cls
Document Class: mnras 2015/05/22\ v3.0\ LaTeX2e MNRAS document class
MNRAS document style v3.0, released 2015/05/22
(/usr/share/texlive/texmf-dist/tex/latex/geometry/geometry.sty
Package: geometry 2020/01/02 v5.9 Page Geometry
 (/usr/share/texlive/texmf-dist/tex/latex/graphics/keyval.sty
Package: keyval 2014/10/28 v1.15 key=value parser (DPC)
\KV@toks@=\toks16
) (/usr/share/texlive/texmf-dist/tex/generic/iftex/ifvtex.sty
Package: ifvtex 2019/10/25 v1.7 ifvtex legacy package. Use iftex instead.
 (/usr/share/texlive/texmf-dist/tex/generic/iftex/iftex.sty
Package: iftex 2020/03/06 v1.0d TeX engine tests
))
\Gm@cnth=\count185
\Gm@cntv=\count186
\c@Gm@tempcnt=\count187
\Gm@bindingoffset=\dimen138
\Gm@wd@mp=\dimen139
\Gm@odd@mp=\dimen140
\Gm@even@mp=\dimen141
\Gm@layoutwidth=\dimen142
\Gm@layoutheight=\dimen143
\Gm@layouthoffset=\dimen144
\Gm@layoutvoffset=\dimen145
\Gm@dimlist=\toks17
) (/usr/share/texlive/texmf-dist/tex/latex/hyperref/hyperref.sty
Package: hyperref 2021-06-07 v7.00m Hypertext links for LaTeX
 (/usr/share/texlive/texmf-dist/tex/generic/ltxcmds/ltxcmds.sty
Package: ltxcmds 2020-05-10 v1.25 LaTeX kernel commands for general use (HO)
) (/usr/share/texlive/texmf-dist/tex/generic/pdftexcmds/pdftexcmds.sty
Package: pdftexcmds 2020-06-27 v0.33 Utility functions of pdfTeX for LuaTeX (HO)
 (/usr/share/texlive/texmf-dist/tex/generic/infwarerr/infwarerr.sty
Package: infwarerr 2019/12/03 v1.5 Providing info/warning/error messages (HO)
)
Package pdftexcmds Info: \pdf@primitive is available.
Package pdftexcmds Info: \pdf@ifprimitive is available.
Package pdftexcmds Info: \pdfdraftmode found.
) (/usr/share/texlive/texmf-dist/tex/generic/kvsetkeys/kvsetkeys.sty
Package: kvsetkeys 2019/12/15 v1.18 Key value parser (HO)
) (/usr/share/texlive/texmf-dist/tex/generic/kvdefinekeys/kvdefinekeys.sty
Package: kvdefinekeys 2019-12-19 v1.6 Define keys (HO)
) (/usr/share/texlive/texmf-dist/tex/generic/pdfescape/pdfescape.sty
Package: pdfescape 2019/12/09 v1.15 Implements pdfTeX's escape features (HO)
) (/usr/share/texlive/texmf-dist/tex/latex/hycolor/hycolor.sty
Package: hycolor 2020-01-27 v1.10 Color options for hyperref/bookmark (HO)
) (/usr/share/texlive/texmf-dist/tex/latex/letltxmacro/letltxmacro.sty
Package: letltxmacro 2019/12/03 v1.6 Let assignment for LaTeX macros (HO)
) (/usr/share/texlive/texmf-dist/tex/latex/auxhook/auxhook.sty
Package: auxhook 2019-12-17 v1.6 Hooks for auxiliary files (HO)
) (/usr/share/texlive/texmf-dist/tex/latex/kvoptions/kvoptions.sty
Package: kvoptions 2020-10-07 v3.14 Key value format for package options (HO)
)
\@linkdim=\dimen146
\Hy@linkcounter=\count188
\Hy@pagecounter=\count189
 (/usr/share/texlive/texmf-dist/tex/latex/hyperref/pd1enc.def
File: pd1enc.def 2021-06-07 v7.00m Hyperref: PDFDocEncoding definition (HO)
Now handling font encoding PD1 ...
... no UTF-8 mapping file for font encoding PD1
) (/usr/share/texlive/texmf-dist/tex/latex/hyperref/hyperref-langpatches.def
File: hyperref-langpatches.def 2021-06-07 v7.00m Hyperref: patches for babel languages
) (/usr/share/texlive/texmf-dist/tex/generic/intcalc/intcalc.sty
Package: intcalc 2019/12/15 v1.3 Expandable calculations with integers (HO)
) (/usr/share/texlive/texmf-dist/tex/generic/etexcmds/etexcmds.sty
Package: etexcmds 2019/12/15 v1.7 Avoid name clashes with e-TeX commands (HO)
)
\Hy@SavedSpaceFactor=\count190
 (/usr/share/texlive/texmf-dist/tex/latex/hyperref/puenc.def
File: puenc.def 2021-06-07 v7.00m Hyperref: PDF Unicode definition (HO)
Now handling font encoding PU ...
... no UTF-8 mapping file for font encoding PU
)
Package hyperref Info: Option `pdfpagelabels' set `false' on input line 4073.
Package hyperref Info: Hyper figures OFF on input line 4192.
Package hyperref Info: Link nesting OFF on input line 4197.
Package hyperref Info: Hyper index ON on input line 4200.
Package hyperref Info: Plain pages OFF on input line 4207.
Package hyperref Info: Backreferencing OFF on input line 4212.
Package hyperref Info: Implicit mode ON; LaTeX internals redefined.
Package hyperref Info: Bookmarks ON on input line 4445.
\c@Hy@tempcnt=\count191
 (/usr/share/texlive/texmf-dist/tex/latex/url/url.sty
\Urlmuskip=\muskip16
Package: url 2013/09/16  ver 3.4  Verb mode for urls, etc.
)
LaTeX Info: Redefining \url on input line 4804.
\XeTeXLinkMargin=\dimen147
 (/usr/share/texlive/texmf-dist/tex/generic/bitset/bitset.sty
Package: bitset 2019/12/09 v1.3 Handle bit-vector datatype (HO)
 (/usr/share/texlive/texmf-dist/tex/generic/bigintcalc/bigintcalc.sty
Package: bigintcalc 2019/12/15 v1.5 Expandable calculations on big integers (HO)
))
\Fld@menulength=\count192
\Field@Width=\dimen148
\Fld@charsize=\dimen149
Package hyperref Info: Hyper figures OFF on input line 6076.
Package hyperref Info: Link nesting OFF on input line 6081.
Package hyperref Info: Hyper index ON on input line 6084.
Package hyperref Info: backreferencing OFF on input line 6091.
Package hyperref Info: Link coloring OFF on input line 6096.
Package hyperref Info: Link coloring with OCG OFF on input line 6101.
Package hyperref Info: PDF/A mode OFF on input line 6106.
LaTeX Info: Redefining \ref on input line 6146.
LaTeX Info: Redefining \pageref on input line 6150.
 (/usr/share/texlive/texmf-dist/tex/latex/base/atbegshi-ltx.sty
Package: atbegshi-ltx 2021/01/10 v1.0c Emulation of the original atbegshi
package with kernel methods
)
\c@Item=\count193
\c@Hfootnote=\count194
)
Package hyperref Info: Driver (autodetected): hpdftex.
 (/usr/share/texlive/texmf-dist/tex/latex/hyperref/hpdftex.def
File: hpdftex.def 2021-06-07 v7.00m Hyperref driver for pdfTeX
\Fld@listcount=\count195
\c@bookmark@seq@number=\count196
 (/usr/share/texlive/texmf-dist/tex/latex/rerunfilecheck/rerunfilecheck.sty
Package: rerunfilecheck 2019/12/05 v1.9 Rerun checks for auxiliary files (HO)
 (/usr/share/texlive/texmf-dist/tex/latex/base/atveryend-ltx.sty
Package: atveryend-ltx 2020/08/19 v1.0a Emulation of the original atveryend package
with kernel methods
) (/usr/share/texlive/texmf-dist/tex/generic/uniquecounter/uniquecounter.sty
Package: uniquecounter 2019/12/15 v1.4 Provide unlimited unique counter (HO)
)
Package uniquecounter Info: New unique counter `rerunfilecheck' on input line 286.
)
\Hy@SectionHShift=\skip47
)
Package hyperref Info: Option `colorlinks' set `true' on input line 128.
\math@groups=\toks18
LaTeX Font Info:    Overwriting symbol font `symbols' in version `bold'
(Font)                  OMS/cmsy/b/n --> OMS/cmsy/b/n on input line 288.
\symbmisymbols=\mathgroup4
\SFB@measure=\dimen150
\realparindent=\skip48
\c@part=\count197
\c@section=\count198
\c@subsection=\count199
\c@subsubsection=\count266
\c@paragraph=\count267
\c@subparagraph=\count268
\@indentskip=\skip49
\smallindent=\skip50
\@footindent=\skip51
\@leftskip=\skip52
 (/usr/share/texlive/texmf-dist/tex/latex/natbib/natbib.sty
Package: natbib 2010/09/13 8.31b (PWD, AO)
\bibhang=\skip53
\bibsep=\skip54
LaTeX Info: Redefining \cite on input line 694.
\c@NAT@ctr=\count269
)
\c@table=\count270
\c@figure=\count271
) (/usr/share/texlive/texmf-dist/tex/latex/base/fontenc.sty
Package: fontenc 2021/04/29 v2.0v Standard LaTeX package
) (/usr/share/texlive/texmf-dist/tex/latex/graphics/graphicx.sty
Package: graphicx 2021/09/16 v1.2d Enhanced LaTeX Graphics (DPC,SPQR)
 (/usr/share/texlive/texmf-dist/tex/latex/graphics/graphics.sty
Package: graphics 2021/03/04 v1.4d Standard LaTeX Graphics (DPC,SPQR)
 (/usr/share/texlive/texmf-dist/tex/latex/graphics/trig.sty
Package: trig 2021/08/11 v1.11 sin cos tan (DPC)
) (/usr/share/texlive/texmf-dist/tex/latex/graphics-cfg/graphics.cfg
File: graphics.cfg 2016/06/04 v1.11 sample graphics configuration
)
Package graphics Info: Driver file: pdftex.def on input line 107.
 (/usr/share/texlive/texmf-dist/tex/latex/graphics-def/pdftex.def
File: pdftex.def 2020/10/05 v1.2a Graphics/color driver for pdftex
))
\Gin@req@height=\dimen151
\Gin@req@width=\dimen152
) (/usr/share/texlive/texmf-dist/tex/latex/amsmath/amsmath.sty
Package: amsmath 2021/10/15 v2.17l AMS math features
\@mathmargin=\skip55

For additional information on amsmath, use the `?' option.
(/usr/share/texlive/texmf-dist/tex/latex/amsmath/amstext.sty
Package: amstext 2021/08/26 v2.01 AMS text
 (/usr/share/texlive/texmf-dist/tex/latex/amsmath/amsgen.sty
File: amsgen.sty 1999/11/30 v2.0 generic functions
\@emptytoks=\toks19
\ex@=\dimen153
)) (/usr/share/texlive/texmf-dist/tex/latex/amsmath/amsbsy.sty
Package: amsbsy 1999/11/29 v1.2d Bold Symbols
\pmbraise@=\dimen154
) (/usr/share/texlive/texmf-dist/tex/latex/amsmath/amsopn.sty
Package: amsopn 2021/08/26 v2.02 operator names
)
\inf@bad=\count272
LaTeX Info: Redefining \frac on input line 234.
\uproot@=\count273
\leftroot@=\count274
LaTeX Info: Redefining \overline on input line 399.
\classnum@=\count275
\DOTSCASE@=\count276
LaTeX Info: Redefining \ldots on input line 496.
LaTeX Info: Redefining \dots on input line 499.
LaTeX Info: Redefining \cdots on input line 620.
\Mathstrutbox@=\box50
\strutbox@=\box51
\big@size=\dimen155
LaTeX Font Info:    Redeclaring font encoding OML on input line 743.
LaTeX Font Info:    Redeclaring font encoding OMS on input line 744.
\macc@depth=\count277
\c@MaxMatrixCols=\count278
\dotsspace@=\muskip17
\c@parentequation=\count279
\dspbrk@lvl=\count280
\tag@help=\toks20
\row@=\count281
\column@=\count282
\maxfields@=\count283
\andhelp@=\toks21
\eqnshift@=\dimen156
\alignsep@=\dimen157
\tagshift@=\dimen158
\tagwidth@=\dimen159
\totwidth@=\dimen160
\lineht@=\dimen161
\@envbody=\toks22
\multlinegap=\skip56
\multlinetaggap=\skip57
\mathdisplay@stack=\toks23
LaTeX Info: Redefining \[ on input line 2938.
LaTeX Info: Redefining \] on input line 2939.
) (/usr/share/texlive/texmf-dist/tex/latex/l3backend/l3backend-pdftex.def
File: l3backend-pdftex.def 2022-01-12 L3 backend support: PDF output (pdfTeX)
\l__color_backend_stack_int=\count284
\l__pdf_internal_box=\box52
) (./mnras_template.aux)
\openout1 = `mnras_template.aux'.

LaTeX Font Info:    Checking defaults for OML/cmm/m/it on input line 85.
LaTeX Font Info:    ... okay on input line 85.
LaTeX Font Info:    Checking defaults for OMS/cmsy/m/n on input line 85.
LaTeX Font Info:    ... okay on input line 85.
LaTeX Font Info:    Checking defaults for OT1/cmr/m/n on input line 85.
LaTeX Font Info:    ... okay on input line 85.
LaTeX Font Info:    Checking defaults for T1/cmr/m/n on input line 85.
LaTeX Font Info:    ... okay on input line 85.
LaTeX Font Info:    Checking defaults for TS1/cmr/m/n on input line 85.
LaTeX Font Info:    ... okay on input line 85.
LaTeX Font Info:    Checking defaults for OMX/cmex/m/n on input line 85.
LaTeX Font Info:    ... okay on input line 85.
LaTeX Font Info:    Checking defaults for U/cmr/m/n on input line 85.
LaTeX Font Info:    ... okay on input line 85.
LaTeX Font Info:    Checking defaults for PD1/pdf/m/n on input line 85.
LaTeX Font Info:    ... okay on input line 85.
LaTeX Font Info:    Checking defaults for PU/pdf/m/n on input line 85.
LaTeX Font Info:    ... okay on input line 85.

*geometry* driver: auto-detecting
*geometry* detected driver: pdftex
*geometry* verbose mode - [ preamble ] result:
* driver: pdftex
* paper: a4paper
* layout: <same size as paper>
* layoutoffset:(h,v)=(0.0pt,0.0pt)
* modes: twoside 
* h-part:(L,W,R)=(71.70166pt, 418.25368pt, 107.55254pt)
* v-part:(T,H,B)=(101.40665pt, 591.5302pt, 152.11pt)
* \paperwidth=597.50787pt
* \paperheight=785.29605pt
* \textwidth=508.0pt
* \textheight=682.0pt
* \oddsidemargin=-30.0pt
* \evensidemargin=-30.0pt
* \topmargin=-48.0pt
* \headheight=14.0pt
* \headsep=15.0pt
* \topskip=9.0pt
* \footskip=22.0pt
* \marginparwidth=48.0pt
* \marginparsep=6.0pt
* \columnsep=20.0pt
* \skip\footins=19.5pt plus 12.0pt minus 1.0pt
* \hoffset=0.0pt
* \voffset=0.0pt
* \mag=1000
* \@twocolumntrue
* \@twosidetrue
* \@mparswitchtrue
* \@reversemarginfalse
* (1in=72.27pt=25.4mm, 1cm=28.453pt)

(/usr/share/texlive/texmf-dist/tex/latex/graphics/color.sty
Package: color 2021/12/07 v1.3c Standard LaTeX Color (DPC)
 (/usr/share/texlive/texmf-dist/tex/latex/graphics-cfg/color.cfg
File: color.cfg 2016/01/02 v1.6 sample color configuration
)
Package color Info: Driver file: pdftex.def on input line 149.
)
Package hyperref Info: Link coloring ON on input line 85.
 (/usr/share/texlive/texmf-dist/tex/latex/hyperref/nameref.sty
Package: nameref 2021-04-02 v2.47 Cross-referencing by name of section
 (/usr/share/texlive/texmf-dist/tex/latex/refcount/refcount.sty
Package: refcount 2019/12/15 v3.6 Data extraction from label references (HO)
) (/usr/share/texlive/texmf-dist/tex/generic/gettitlestring/gettitlestring.sty
Package: gettitlestring 2019/12/15 v1.6 Cleanup title references (HO)
)
\c@section@level=\count285
)
LaTeX Info: Redefining \ref on input line 85.
LaTeX Info: Redefining \pageref on input line 85.
LaTeX Info: Redefining \nameref on input line 85.
 (./mnras_template.out) (./mnras_template.out)
\@outlinefile=\write3
\openout3 = `mnras_template.out'.

 (/usr/share/texlive/texmf-dist/tex/context/base/mkii/supp-pdf.mkii
[Loading MPS to PDF converter (version 2006.09.02).]
\scratchcounter=\count286
\scratchdimen=\dimen162
\scratchbox=\box53
\nofMPsegments=\count287
\nofMParguments=\count288
\everyMPshowfont=\toks24
\MPscratchCnt=\count289
\MPscratchDim=\dimen163
\MPnumerator=\count290
\makeMPintoPDFobject=\count291
\everyMPtoPDFconversion=\toks25
) (/usr/share/texlive/texmf-dist/tex/latex/epstopdf-pkg/epstopdf-base.sty
Package: epstopdf-base 2020-01-24 v2.11 Base part for package epstopdf
Package epstopdf-base Info: Redefining graphics rule for `.eps' on input line 485.
 (/usr/share/texlive/texmf-dist/tex/latex/latexconfig/epstopdf-sys.cfg
File: epstopdf-sys.cfg 2010/07/13 v1.3 Configuration of (r)epstopdf for TeX Live
))

LaTeX Font Warning: Font shape `T1/cmr/m/n' in size <16> not available
(Font)              size <17.28> substituted on input line 88.


LaTeX Font Warning: Font shape `T1/cmr/bx/n' in size <16> not available
(Font)              size <17.28> substituted on input line 88.


Underfull \hbox (badness 10000) in paragraph at lines 103--107

 []


Underfull \hbox (badness 10000) in paragraph at lines 109--111

 []

LaTeX Font Info:    Trying to load font information for T1+cmtt on input line 112.
(/usr/share/texlive/texmf-dist/tex/latex/base/t1cmtt.fd
File: t1cmtt.fd 2019/12/16 v2.5j Standard LaTeX font definitions
)
</home/patito/Documents/egdatos/tableparameters.png, id=49, 736.7525pt x 639.38875pt>
File: /home/patito/Documents/egdatos/tableparameters.png Graphic file (type png)
<use /home/patito/Documents/egdatos/tableparameters.png>
Package pdftex.def Info: /home/patito/Documents/egdatos/tableparameters.png  used on input line 115.
(pdftex.def)             Requested size: 244.0pt x 211.75017pt.
</home/patito/Documents/egdatos/pdf/mnrastemplate/imagecomparison.png, id=53, 1390.19376pt x 668.4975pt>
File: /home/patito/Documents/egdatos/pdf/mnrastemplate/imagecomparison.png Graphic file (type png)
<use /home/patito/Documents/egdatos/pdf/mnrastemplate/imagecomparison.png>
Package pdftex.def Info: /home/patito/Documents/egdatos/pdf/mnrastemplate/imagecomparison.png  used on input line 121.
(pdftex.def)             Requested size: 244.0pt x 117.32542pt.
<//home/patito/Documents/egdatos/pdf/mnrastemplate/plotmio1.png, id=58, 710.4141pt x 605.6226pt>
File: //home/patito/Documents/egdatos/pdf/mnrastemplate/plotmio1.png Graphic file (type png)
<use //home/patito/Documents/egdatos/pdf/mnrastemplate/plotmio1.png>
Package pdftex.def Info: //home/patito/Documents/egdatos/pdf/mnrastemplate/plotmio1.png  used on input line 127.
(pdftex.def)             Requested size: 244.0pt x 208.00667pt.
<//home/patito/Documents/egdatos/pdf/mnrastemplate/plotmio2.png, id=61, 698.8509pt x 602.0091pt>
File: //home/patito/Documents/egdatos/pdf/mnrastemplate/plotmio2.png Graphic file (type png)
<use //home/patito/Documents/egdatos/pdf/mnrastemplate/plotmio2.png>
Package pdftex.def Info: //home/patito/Documents/egdatos/pdf/mnrastemplate/plotmio2.png  used on input line 133.
(pdftex.def)             Requested size: 244.0pt x 210.18274pt.
<//home/patito/Documents/egdatos/pdf/mnrastemplate/creacionpropia.png, id=64, 695.9601pt x 602.0091pt>
File: //home/patito/Documents/egdatos/pdf/mnrastemplate/creacionpropia.png Graphic file (type png)
<use //home/patito/Documents/egdatos/pdf/mnrastemplate/creacionpropia.png>
Package pdftex.def Info: //home/patito/Documents/egdatos/pdf/mnrastemplate/creacionpropia.png  used on input line 139.
(pdftex.def)             Requested size: 244.0pt x 211.05539pt.
<///home/patito/Documents/egdatos/pdf/mnrastemplate/morfologicohdeltaoii.png, id=65, 701.019pt x 602.0091pt>
File: ///home/patito/Documents/egdatos/pdf/mnrastemplate/morfologicohdeltaoii.png Graphic file (type png)
<use ///home/patito/Documents/egdatos/pdf/mnrastemplate/morfologicohdeltaoii.png>
Package pdftex.def Info: ///home/patito/Documents/egdatos/pdf/mnrastemplate/morfologicohdeltaoii.png  used on input line 146.
(pdftex.def)             Requested size: 244.0pt x 209.53053pt.
<//home/patito/Documents/egdatos/pdf/mnrastemplate/morfologicoHdeltad4000.png, id=72, 698.8509pt x 602.0091pt>
File: //home/patito/Documents/egdatos/pdf/mnrastemplate/morfologicoHdeltad4000.png Graphic file (type png)
<use //home/patito/Documents/egdatos/pdf/mnrastemplate/morfologicoHdeltad4000.png>
Package pdftex.def Info: //home/patito/Documents/egdatos/pdf/mnrastemplate/morfologicoHdeltad4000.png  used on input line 152.
(pdftex.def)             Requested size: 244.0pt x 210.18274pt.
<//home/patito/Documents/egdatos/pdf/mnrastemplate/membergalaxies.png, id=79, 607.7907pt x 434.3427pt>
File: //home/patito/Documents/egdatos/pdf/mnrastemplate/membergalaxies.png Graphic file (type png)
<use //home/patito/Documents/egdatos/pdf/mnrastemplate/membergalaxies.png>
Package pdftex.def Info: //home/patito/Documents/egdatos/pdf/mnrastemplate/membergalaxies.png  used on input line 158.
(pdftex.def)             Requested size: 244.0pt x 174.37024pt.

Underfull \hbox (badness 10000) in paragraph at lines 167--168

 []


Underfull \hbox (badness 1077) in paragraph at lines 169--170
\T1/cmr/m/n/9 to con-firm, we made the count of num-ber of galax-ies
 []


Underfull \hbox (badness 10000) in paragraph at lines 169--170

 []


Package hyperref Warning: Token not allowed in a PDF string (Unicode):
(hyperref)                removing `math shift' on input line 171.


Package hyperref Warning: Token not allowed in a PDF string (Unicode):
(hyperref)                removing `\delta' on input line 171.


Package hyperref Warning: Token not allowed in a PDF string (Unicode):
(hyperref)                removing `math shift' on input line 171.

[1{/var/lib/texmf/fonts/map/pdftex/updmap/pdftex.map}


pdfTeX warning (ext4): destination with the same identifier (name{figure.1}) has been already used, duplicate ignored
<argument> ...shipout:D \box_use:N \l_shipout_box 
                                                  \__shipout_drop_firstpage_...
l.173 
      pdfTeX warning (ext4): destination with the same identifier (name{figure.2}) has been already used, duplicate ignored
<argument> ...shipout:D \box_use:N \l_shipout_box 
                                                  \__shipout_drop_firstpage_...
l.173 
       </home/patito/Documents/egdatos/tableparameters.png> </home/patito/Documents/egdatos/pdf/mnrastemplate/imagecomparison.png>]
Underfull \vbox (badness 2189) has occurred while \output is active []

 [2pdfTeX warning (ext4): destination with the same identifier (name{figure.3}) has been already used, duplicate ignored
<argument> ...shipout:D \box_use:N \l_shipout_box 
                                                  \__shipout_drop_firstpage_...
l.179 
      pdfTeX warning (ext4): destination with the same identifier (name{figure.4}) has been already used, duplicate ignored
<argument> ...shipout:D \box_use:N \l_shipout_box 
                                                  \__shipout_drop_firstpage_...
l.179 
      pdfTeX warning (ext4): destination with the same identifier (name{figure.5}) has been already used, duplicate ignored
<argument> ...shipout:D \box_use:N \l_shipout_box 
                                                  \__shipout_drop_firstpage_...
l.179 
      pdfTeX warning (ext4): destination with the same identifier (name{figure.6}) has been already used, duplicate ignored
<argument> ...shipout:D \box_use:N \l_shipout_box 
                                                  \__shipout_drop_firstpage_...
l.179 
       </home/patito/Documents/egdatos/pdf/mnrastemplate/plotmio1.png> </home/patito/Documents/egdatos/pdf/mnrastemplate/plotmio2.png> </home/patito/Documents/egdatos/pdf/mnrastemplate/creacionpropia.png> </home/patito/Documents/egdatos/pdf/mnrastemplate/morfologicohdeltaoii.png>]

LaTeX Warning: Reference `plotconlinea' on page 3 undefined on input line 181.

(./mnras_template.bbl
LaTeX Info: Redefining \VAN on input line 1.
) [3pdfTeX warning (ext4): destination with the same identifier (name{figure.7}) has been already used, duplicate ignored
<argument> ...shipout:D \box_use:N \l_shipout_box 
                                                  \__shipout_drop_firstpage_...
l.210 \end{document}
                    pdfTeX warning (ext4): destination with the same identifier (name{figure.8}) has been already used, duplicate ignored
<argument> ...shipout:D \box_use:N \l_shipout_box 
                                                  \__shipout_drop_firstpage_...
l.210 \end{document}
                     </home/patito/Documents/egdatos/pdf/mnrastemplate/morfologicoHdeltad4000.png> </home/patito/Documents/egdatos/pdf/mnrastemplate/membergalaxies.png>] (./mnras_template.aux)

LaTeX Font Warning: Size substitutions with differences
(Font)              up to 1.28pt have occurred.


LaTeX Warning: There were undefined references.

Package rerunfilecheck Info: File `mnras_template.out' has not changed.
(rerunfilecheck)             Checksum: B20C6A79DB2A25C43E619C03734184BF;915.
 ) 
Here is how much of TeX's memory you used:
 10331 strings out of 480171
 159434 string characters out of 5894488
 466332 words of memory out of 5000000
 28116 multiletter control sequences out of 15000+600000
 486043 words of font info for 66 fonts, out of 8000000 for 9000
 59 hyphenation exceptions out of 8191
 75i,15n,78p,1248b,366s stack positions out of 5000i,500n,10000p,200000b,80000s
pdfTeX warning (dest): name{Hfootnote.1} has been referenced but does not exist, replaced by a fixed one

 </home/patito/.texlive2021/texmf-var/fonts/pk/ljfour/jknappen/ec/ecti1200.600pk> </home/patito/.texlive2021/texmf-var/fonts/pk/ljfour/jknappen/ec/tcrm0800.600pk> </home/patito/.texlive2021/texmf-var/fonts/pk/ljfour/jknappen/ec/ectt0900.600pk> </home/patito/.texlive2021/texmf-var/fonts/pk/ljfour/jknappen/ec/ecbi0900.600pk> </home/patito/.texlive2021/texmf-var/fonts/pk/ljfour/jknappen/ec/ecti0900.600pk> </home/patito/.texlive2021/texmf-var/fonts/pk/ljfour/jknappen/ec/ecrm0900.600pk> </home/patito/.texlive2021/texmf-var/fonts/pk/ljfour/jknappen/ec/ecbx0900.600pk> </home/patito/.texlive2021/texmf-var/fonts/pk/ljfour/jknappen/ec/ecti0800.600pk> </home/patito/.texlive2021/texmf-var/fonts/pk/ljfour/jknappen/ec/ecrm1200.600pk> </home/patito/.texlive2021/texmf-var/fonts/pk/ljfour/jknappen/ec/ecbx1728.600pk> </home/patito/.texlive2021/texmf-var/fonts/pk/ljfour/jknappen/ec/ecrm0600.600pk> </home/patito/.texlive2021/texmf-var/fonts/pk/ljfour/jknappen/ec/ecbx0800.600pk> </home/patito/.texlive2021/texmf-var/fonts/pk/ljfour/jknappen/ec/ecrm0800.600pk></usr/share/texlive/texmf-dist/fonts/type1/public/amsfonts/cm/cmmi8.pfb></usr/share/texlive/texmf-dist/fonts/type1/public/amsfonts/cm/cmmi9.pfb></usr/share/texlive/texmf-dist/fonts/type1/public/amsfonts/cm/cmr6.pfb></usr/share/texlive/texmf-dist/fonts/type1/public/amsfonts/cm/cmr8.pfb></usr/share/texlive/texmf-dist/fonts/type1/public/amsfonts/cm/cmr9.pfb></usr/share/texlive/texmf-dist/fonts/type1/public/amsfonts/cm/cmsy9.pfb>
Output written on mnras_template.pdf (3 pages, 585390 bytes).
PDF statistics:
 549 PDF objects out of 1000 (max. 8388607)
 195 compressed objects within 2 object streams
 23 named destinations out of 1000 (max. 500000)
 97 words of extra memory for PDF output out of 10000 (max. 10000000)

